Testing 5 examples with k=3...
Traceback (most recent call last):
  File "/Users/phd/PhD/Code/graph-rag-recipes/.venv/lib/python3.11/site-packages/httpx/_transports/default.py", line 101, in map_httpcore_exceptions
    yield
  File "/Users/phd/PhD/Code/graph-rag-recipes/.venv/lib/python3.11/site-packages/httpx/_transports/default.py", line 250, in handle_request
    resp = self._pool.handle_request(req)
           ^^^^^^^^^^^^^^^^^^^^^^^^^^^^^^
  File "/Users/phd/PhD/Code/graph-rag-recipes/.venv/lib/python3.11/site-packages/httpcore/_sync/connection_pool.py", line 256, in handle_request
    raise exc from None
  File "/Users/phd/PhD/Code/graph-rag-recipes/.venv/lib/python3.11/site-packages/httpcore/_sync/connection_pool.py", line 236, in handle_request
    response = connection.handle_request(
               ^^^^^^^^^^^^^^^^^^^^^^^^^^
  File "/Users/phd/PhD/Code/graph-rag-recipes/.venv/lib/python3.11/site-packages/httpcore/_sync/connection.py", line 103, in handle_request
    return self._connection.handle_request(request)
           ^^^^^^^^^^^^^^^^^^^^^^^^^^^^^^^^^^^^^^^^
  File "/Users/phd/PhD/Code/graph-rag-recipes/.venv/lib/python3.11/site-packages/httpcore/_sync/http11.py", line 136, in handle_request
    raise exc
  File "/Users/phd/PhD/Code/graph-rag-recipes/.venv/lib/python3.11/site-packages/httpcore/_sync/http11.py", line 106, in handle_request
    ) = self._receive_response_headers(**kwargs)
        ^^^^^^^^^^^^^^^^^^^^^^^^^^^^^^^^^^^^^^^^
  File "/Users/phd/PhD/Code/graph-rag-recipes/.venv/lib/python3.11/site-packages/httpcore/_sync/http11.py", line 177, in _receive_response_headers
    event = self._receive_event(timeout=timeout)
            ^^^^^^^^^^^^^^^^^^^^^^^^^^^^^^^^^^^^
  File "/Users/phd/PhD/Code/graph-rag-recipes/.venv/lib/python3.11/site-packages/httpcore/_sync/http11.py", line 231, in _receive_event
    raise RemoteProtocolError(msg)
httpcore.RemoteProtocolError: Server disconnected without sending a response.

The above exception was the direct cause of the following exception:

Traceback (most recent call last):
  File "/Users/phd/PhD/Code/graph-rag-recipes/test_timing.py", line 25, in <module>
    out_b = baseline_adapt(base, retrieved_recipes, 'vegetarian', 'llama3.2:3b')
            ^^^^^^^^^^^^^^^^^^^^^^^^^^^^^^^^^^^^^^^^^^^^^^^^^^^^^^^^^^^^^^^^^^^^
  File "/Users/phd/PhD/Code/graph-rag-recipes/generation/grounded_generation.py", line 82, in baseline_adapt
    response = ollama.chat(
               ^^^^^^^^^^^^
  File "/Users/phd/PhD/Code/graph-rag-recipes/.venv/lib/python3.11/site-packages/ollama/_client.py", line 365, in chat
    return self._request(
           ^^^^^^^^^^^^^^
  File "/Users/phd/PhD/Code/graph-rag-recipes/.venv/lib/python3.11/site-packages/ollama/_client.py", line 189, in _request
    return cls(**self._request_raw(*args, **kwargs).json())
                 ^^^^^^^^^^^^^^^^^^^^^^^^^^^^^^^^^^
  File "/Users/phd/PhD/Code/graph-rag-recipes/.venv/lib/python3.11/site-packages/ollama/_client.py", line 129, in _request_raw
    r = self._client.request(*args, **kwargs)
        ^^^^^^^^^^^^^^^^^^^^^^^^^^^^^^^^^^^^^
  File "/Users/phd/PhD/Code/graph-rag-recipes/.venv/lib/python3.11/site-packages/httpx/_client.py", line 825, in request
    return self.send(request, auth=auth, follow_redirects=follow_redirects)
           ^^^^^^^^^^^^^^^^^^^^^^^^^^^^^^^^^^^^^^^^^^^^^^^^^^^^^^^^^^^^^^^^
  File "/Users/phd/PhD/Code/graph-rag-recipes/.venv/lib/python3.11/site-packages/httpx/_client.py", line 914, in send
    response = self._send_handling_auth(
               ^^^^^^^^^^^^^^^^^^^^^^^^^
  File "/Users/phd/PhD/Code/graph-rag-recipes/.venv/lib/python3.11/site-packages/httpx/_client.py", line 942, in _send_handling_auth
    response = self._send_handling_redirects(
               ^^^^^^^^^^^^^^^^^^^^^^^^^^^^^^
  File "/Users/phd/PhD/Code/graph-rag-recipes/.venv/lib/python3.11/site-packages/httpx/_client.py", line 979, in _send_handling_redirects
    response = self._send_single_request(request)
               ^^^^^^^^^^^^^^^^^^^^^^^^^^^^^^^^^^
  File "/Users/phd/PhD/Code/graph-rag-recipes/.venv/lib/python3.11/site-packages/httpx/_client.py", line 1014, in _send_single_request
    response = transport.handle_request(request)
               ^^^^^^^^^^^^^^^^^^^^^^^^^^^^^^^^^
  File "/Users/phd/PhD/Code/graph-rag-recipes/.venv/lib/python3.11/site-packages/httpx/_transports/default.py", line 249, in handle_request
    with map_httpcore_exceptions():
  File "/Users/phd/.local/share/uv/python/cpython-3.11.14-macos-aarch64-none/lib/python3.11/contextlib.py", line 158, in __exit__
    self.gen.throw(typ, value, traceback)
  File "/Users/phd/PhD/Code/graph-rag-recipes/.venv/lib/python3.11/site-packages/httpx/_transports/default.py", line 118, in map_httpcore_exceptions
    raise mapped_exc(message) from exc
httpx.RemoteProtocolError: Server disconnected without sending a response.
